Tigh binding simulation of closed 1D chains

number of chains     = 1
number of pairs      = 64
hopping term       = -0.668653 eV
hopping slope      = 0.371035 eV/AA
eq distance        = 2.604816 AA
hartree U            = 0.000000 eV
fxc alpha            = -0.100000 eV
fxc gamma            = 0.260000 AA

Time propagation

total time           = 2.000000 fs
time step            = 0.001000 fs

Vector potential step
amplitud           = 1.000000 eV/AA
duration           = 1.000000 fs

Eigenvalues:
   -1.04412474
   -1.04291015
   -1.04291015
   -1.03926962
   -1.03926962
   -1.03321283
   -1.03321283
   -1.02475591
   -1.02475591
   -1.01392148
   -1.01392148
   -1.00073858
   -1.00073858
   -0.98524275
   -0.98524275
   -0.96747604
   -0.96747604
   -0.94748700
   -0.94748700
   -0.92533081
   -0.92533081
   -0.90106936
   -0.90106936
   -0.87477140
   -0.87477140
   -0.84651279
   -0.84651279
   -0.81637683
   -0.81637683
   -0.78445477
   -0.78445477
   -0.75084653
   -0.75084653
   -0.71566175
   -0.71566175
   -0.67902128
   -0.67902128
   -0.64105937
   -0.64105937
   -0.60192692
   -0.60192692
   -0.56179625
   -0.56179625
   -0.52086843
   -0.52086843
   -0.47938441
   -0.47938441
   -0.43764271
   -0.43764271
   -0.39602745
   -0.39602745
   -0.35505397
   -0.35505397
   -0.31544296
   -0.31544296
   -0.27823792
   -0.27823792
   -0.24497403
   -0.24497403
   -0.21785242
   -0.21785242
   -0.19969836
   -0.19969836
   -0.19324738
    0.19324738
    0.19969836
    0.19969836
    0.21785242
    0.21785242
    0.24497403
    0.24497403
    0.27823792
    0.27823792
    0.31544296
    0.31544296
    0.35505397
    0.35505397
    0.39602745
    0.39602745
    0.43764271
    0.43764271
    0.47938441
    0.47938441
    0.52086843
    0.52086843
    0.56179625
    0.56179625
    0.60192692
    0.60192692
    0.64105937
    0.64105937
    0.67902128
    0.67902128
    0.71566175
    0.71566175
    0.75084653
    0.75084653
    0.78445477
    0.78445477
    0.81637683
    0.81637683
    0.84651279
    0.84651279
    0.87477140
    0.87477140
    0.90106936
    0.90106936
    0.92533081
    0.92533081
    0.94748700
    0.94748700
    0.96747604
    0.96747604
    0.98524275
    0.98524275
    1.00073858
    1.00073858
    1.01392148
    1.01392148
    1.02475591
    1.02475591
    1.03321283
    1.03321283
    1.03926962
    1.03926962
    1.04291015
    1.04291015
    1.04412474

      time(fs)   electronic_energy(eV)      nuclear_energy(eV)       current(e/fs)
      0.010000            -88.87084463              4.98465998      1.08129409e-06
      0.020000            -88.87084463              4.98465998      8.64509936e-06
      0.030000            -88.87084461              4.98465998      2.91477049e-05
      0.040000            -88.87084454              4.98465998      6.89930849e-05
      0.050000            -88.87084430              4.98465998      1.34507015e-04
      0.060000            -88.87084365              4.98465998      2.31911497e-04
      0.070000            -88.87084217              4.98465998      3.67299596e-04
      0.080000            -88.87083918              4.98465998      5.46610785e-04
      0.090000            -88.87083365              4.98465998      7.75606893e-04
      0.100000            -88.87082412              4.98465998      1.05984876e-03
      0.110000            -88.87080860              4.98465998      1.40467368e-03
      0.120000            -88.87078446              4.98465998      1.81517374e-03
      0.130000            -88.87074833              4.98465998      2.29617508e-03
      0.140000            -88.87069602              4.98465998      2.85221828e-03
      0.150000            -88.87062239              4.98465998      3.48753976e-03
      0.160000            -88.87052130              4.98465998      4.20605451e-03
      0.170000            -88.87038553              4.98465998      5.01133997e-03
      0.180000            -88.87020666              4.98465998      5.90662129e-03
      0.190000            -88.86997509              4.98465998      6.89475797e-03
      0.200000            -88.86967996              4.98465998      7.97823195e-03
      0.210000            -88.86930915              4.98465998      9.15913712e-03
      0.220000            -88.86884927              4.98465998      1.04391705e-02
      0.230000            -88.86828569              4.98465998      1.18196247e-02
      0.240000            -88.86760259              4.98465998      1.33013824e-02
      0.250000            -88.86678301              4.98465998      1.48849120e-02
      0.260000            -88.86580896              4.98465998      1.65702654e-02
      0.270000            -88.86466153              4.98465998      1.83570765e-02
      0.280000            -88.86332099              4.98465998      2.02445628e-02
      0.290000            -88.86176700              4.98465998      2.22315272e-02
      0.300000            -88.85997875              4.98465998      2.43163625e-02
      0.310000            -88.85793517              4.98465998      2.64970566e-02
      0.320000            -88.85561512              4.98465998      2.87712005e-02
      0.330000            -88.85299763              4.98465998      3.11359964e-02
      0.340000            -88.85006214              4.98465998      3.35882688e-02
      0.350000            -88.84678875              4.98465998      3.61244763e-02
      0.360000            -88.84315843              4.98465998      3.87407246e-02
      0.370000            -88.83915332              4.98465998      4.14327820e-02
      0.380000            -88.83475695              4.98465998      4.41960952e-02
      0.390000            -88.82995451              4.98465998      4.70258068e-02
      0.400000            -88.82473307              4.98465998      4.99167741e-02
      0.410000            -88.81908183              4.98465998      5.28635891e-02
      0.420000            -88.81299230              4.98465998      5.58605994e-02
      0.430000            -88.80645852              4.98465998      5.89019301e-02
      0.440000            -88.79947725              4.98465998      6.19815065e-02
      0.450000            -88.79204809              4.98465998      6.50930784e-02
      0.460000            -88.78417361              4.98465998      6.82302436e-02
      0.470000            -88.77585947              4.98465998      7.13864739e-02
      0.480000            -88.76711444              4.98465998      7.45551397e-02
      0.490000            -88.75795051              4.98465998      7.77295366e-02
      0.500000            -88.74838282              4.98465998      8.09029116e-02
      0.510000            -88.73842965              4.98465998      8.40684892e-02
      0.520000            -88.72811237              4.98465998      8.72194982e-02
      0.530000            -88.71745532              4.98465998      9.03491985e-02
      0.540000            -88.70648569              4.98465998      9.34509067e-02
      0.550000            -88.69523334              4.98465998      9.65180232e-02
      0.560000            -88.68373064              4.98465998      9.95440575e-02
      0.570000            -88.67201218              4.98465999      1.02522654e-01
      0.580000            -88.66011457              4.98465999      1.05447615e-01
      0.590000            -88.64807617              4.98465999      1.08312929e-01
      0.600000            -88.63593675              4.98465999      1.11112790e-01
      0.610000            -88.62373719              4.98465999      1.13841621e-01
      0.620000            -88.61151920              4.98465999      1.16494098e-01
      0.630000            -88.59932489              4.98465999      1.19065168e-01
      0.640000            -88.58719651              4.98465999      1.21550069e-01
      0.650000            -88.57517605              4.98465999      1.23944349e-01
      0.660000            -88.56330489              4.98465999      1.26243886e-01
      0.670000            -88.55162349              4.98465999      1.28444895e-01
      0.680000            -88.54017103              4.98465999      1.30543955e-01
      0.690000            -88.52898506              4.98465999      1.32538009e-01
      0.700000            -88.51810125              4.98465999      1.34424388e-01
      0.710000            -88.50755306              4.98465999      1.36200810e-01
      0.720000            -88.49737147              4.98465999      1.37865396e-01
      0.730000            -88.48758476              4.98465999      1.39416674e-01
      0.740000            -88.47821827              4.98465999      1.40853585e-01
      0.750000            -88.46929423              4.98465999      1.42175487e-01
      0.760000            -88.46083158              4.98465999      1.43382156e-01
      0.770000            -88.45284589              4.98465999      1.44473786e-01
      0.780000            -88.44534920              4.98465999      1.45450992e-01
      0.790000            -88.43835003              4.98465999      1.46314802e-01
      0.800000            -88.43185329              4.98465999      1.47066655e-01
      0.810000            -88.42586035              4.98465999      1.47708394e-01
      0.820000            -88.42036903              4.98465999      1.48242262e-01
      0.830000            -88.41537366              4.98465999      1.48670886e-01
      0.840000            -88.41086523              4.98465999      1.48997275e-01
      0.850000            -88.40683147              4.98465999      1.49224801e-01
      0.860000            -88.40325700              4.98465999      1.49357186e-01
      0.870000            -88.40012354              4.98465999      1.49398493e-01
      0.880000            -88.39741003              4.98465999      1.49353103e-01
      0.890000            -88.39509291              4.98465999      1.49225702e-01
      0.900000            -88.39314628              4.98465999      1.49021259e-01
      0.910000            -88.39154217              4.98465999      1.48745010e-01
      0.920000            -88.39025077              4.98465999      1.48402434e-01
      0.930000            -88.38924065              4.98465999      1.47999233e-01
      0.940000            -88.38847902              4.98465999      1.47541309e-01
      0.950000            -88.38793196              4.98465999      1.47034741e-01
      0.960000            -88.38756468              4.98465999      1.46485758e-01
      0.970000            -88.38734170              4.98465999      1.45900721e-01
      0.980000            -88.38722713              4.98465999      1.45286091e-01
      0.990000            -88.38718483              4.98465999      1.44648406e-01
      1.000000            -88.38717861              4.98465999      1.43994255e-01
      1.010000            -88.38717840              4.98466000      1.43329180e-01
      1.020000            -88.38717821              4.98466000      1.42654435e-01
      1.030000            -88.38717803              4.98466000      1.41970201e-01
      1.040000            -88.38717787              4.98466000      1.41276663e-01
      1.050000            -88.38717771              4.98466000      1.40574005e-01
      1.060000            -88.38717757              4.98466000      1.39862413e-01
      1.070000            -88.38717744              4.98466000      1.39142076e-01
      1.080000            -88.38717733              4.98466000      1.38413181e-01
      1.090000            -88.38717723              4.98466000      1.37675918e-01
      1.100000            -88.38717714              4.98466000      1.36930479e-01
      1.110000            -88.38717706              4.98466000      1.36177054e-01
      1.120000            -88.38717700              4.98466000      1.35415836e-01
      1.130000            -88.38717695              4.98466000      1.34647017e-01
      1.140000            -88.38717691              4.98466001      1.33870792e-01
      1.150000            -88.38717688              4.98466001      1.33087353e-01
      1.160000            -88.38717686              4.98466001      1.32296896e-01
      1.170000            -88.38717686              4.98466001      1.31499615e-01
      1.180000            -88.38717687              4.98466001      1.30695703e-01
      1.190000            -88.38717689              4.98466001      1.29885356e-01
      1.200000            -88.38717692              4.98466001      1.29068769e-01
      1.210000            -88.38717696              4.98466001      1.28246135e-01
      1.220000            -88.38717701              4.98466002      1.27417649e-01
      1.230000            -88.38717707              4.98466002      1.26583505e-01
      1.240000            -88.38717715              4.98466002      1.25743896e-01
      1.250000            -88.38717723              4.98466002      1.24899015e-01
      1.260000            -88.38717733              4.98466002      1.24049053e-01
      1.270000            -88.38717743              4.98466002      1.23194204e-01
      1.280000            -88.38717755              4.98466002      1.22334656e-01
      1.290000            -88.38717767              4.98466003      1.21470601e-01
      1.300000            -88.38717781              4.98466003      1.20602226e-01
      1.310000            -88.38717795              4.98466003      1.19729719e-01
      1.320000            -88.38717810              4.98466003      1.18853267e-01
      1.330000            -88.38717826              4.98466004      1.17973055e-01
      1.340000            -88.38717843              4.98466004      1.17089267e-01
      1.350000            -88.38717861              4.98466004      1.16202085e-01
      1.360000            -88.38717879              4.98466004      1.15311691e-01
      1.370000            -88.38717899              4.98466004      1.14418263e-01
      1.380000            -88.38717919              4.98466005      1.13521979e-01
      1.390000            -88.38717940              4.98466005      1.12623015e-01
      1.400000            -88.38717961              4.98466005      1.11721545e-01
      1.410000            -88.38717983              4.98466006      1.10817741e-01
      1.420000            -88.38718006              4.98466006      1.09911774e-01
      1.430000            -88.38718029              4.98466006      1.09003811e-01
      1.440000            -88.38718053              4.98466006      1.08094020e-01
      1.450000            -88.38718078              4.98466007      1.07182562e-01
      1.460000            -88.38718103              4.98466007      1.06269601e-01
      1.470000            -88.38718129              4.98466008      1.05355295e-01
      1.480000            -88.38718155              4.98466008      1.04439801e-01
      1.490000            -88.38718182              4.98466008      1.03523274e-01
      1.500000            -88.38718209              4.98466009      1.02605866e-01
      1.510000            -88.38718236              4.98466009      1.01687726e-01
      1.520000            -88.38718264              4.98466009      1.00769002e-01
      1.530000            -88.38718292              4.98466010      9.98498361e-02
      1.540000            -88.38718321              4.98466010      9.89303713e-02
      1.550000            -88.38718350              4.98466011      9.80107461e-02
      1.560000            -88.38718379              4.98466011      9.70910964e-02
      1.570000            -88.38718409              4.98466012      9.61715553e-02
      1.580000            -88.38718438              4.98466012      9.52522532e-02
      1.590000            -88.38718468              4.98466013      9.43333172e-02
      1.600000            -88.38718499              4.98466013      9.34148719e-02
      1.610000            -88.38718529              4.98466014      9.24970387e-02
      1.620000            -88.38718559              4.98466014      9.15799359e-02
      1.630000            -88.38718590              4.98466015      9.06636790e-02
      1.640000            -88.38718621              4.98466016      8.97483802e-02
      1.650000            -88.38718652              4.98466016      8.88341487e-02
      1.660000            -88.38718683              4.98466017      8.79210906e-02
      1.670000            -88.38718714              4.98466018      8.70093090e-02
      1.680000            -88.38718745              4.98466018      8.60989035e-02
      1.690000            -88.38718776              4.98466019      8.51899709e-02
      1.700000            -88.38718807              4.98466020      8.42826045e-02
      1.710000            -88.38718838              4.98466020      8.33768947e-02
      1.720000            -88.38718870              4.98466021      8.24729285e-02
      1.730000            -88.38718901              4.98466022      8.15707898e-02
      1.740000            -88.38718932              4.98466023      8.06705593e-02
      1.750000            -88.38718962              4.98466023      7.97723144e-02
      1.760000            -88.38718993              4.98466024      7.88761294e-02
      1.770000            -88.38719024              4.98466025      7.79820753e-02
      1.780000            -88.38719055              4.98466026      7.70902199e-02
      1.790000            -88.38719085              4.98466027      7.62006279e-02
      1.800000            -88.38719115              4.98466028      7.53133608e-02
      1.810000            -88.38719145              4.98466029      7.44284769e-02
      1.820000            -88.38719175              4.98466030      7.35460314e-02
      1.830000            -88.38719205              4.98466031      7.26660762e-02
      1.840000            -88.38719235              4.98466032      7.17886602e-02
      1.850000            -88.38719264              4.98466033      7.09138293e-02
      1.860000            -88.38719293              4.98466034      7.00416262e-02
      1.870000            -88.38719322              4.98466035      6.91720905e-02
      1.880000            -88.38719351              4.98466036      6.83052589e-02
      1.890000            -88.38719379              4.98466037      6.74411652e-02
      1.900000            -88.38719407              4.98466038      6.65798398e-02
      1.910000            -88.38719435              4.98466039      6.57213107e-02
      1.920000            -88.38719463              4.98466041      6.48656027e-02
      1.930000            -88.38719490              4.98466042      6.40127378e-02
      1.940000            -88.38719517              4.98466043      6.31627352e-02
      1.950000            -88.38719544              4.98466044      6.23156113e-02
      1.960000            -88.38719571              4.98466046      6.14713797e-02
      1.970000            -88.38719597              4.98466047      6.06300515e-02
      1.980000            -88.38719623              4.98466049      5.97916349e-02
      1.990000            -88.38719648              4.98466050      5.89561357e-02
      2.000000            -88.38719674              4.98466051      5.81235570e-02
