Tigh binding simulation of closed 1D chains

number of chains     = 2
pairs in chain 1     = 32
pairs in chain 1     = 31
interchain distance  = 4.000000 AA
hopping term       = -0.668653 eV
hopping slope      = 0.371035 eV/AA
eq distance        = 2.604816 AA
hartree U            = 0.000000 eV
fxc alpha            = -0.100000 eV
fxc gamma            = 0.260000 AA

Time propagation

total time           = 2.000000 fs
time step            = 0.001000 fs

Vector potential step
amplitud           = 1.000000 eV/AA
duration           = 1.000000 fs

Eigenvalues:
   -1.04412474
   -1.03926962
   -1.03926962
   -1.02475591
   -1.02475591
   -1.00073858
   -1.00073858
   -0.96747604
   -0.96747604
   -0.92533081
   -0.92533081
   -0.87477140
   -0.87477140
   -0.81637683
   -0.81637683
   -0.75084653
   -0.75084653
   -0.67902128
   -0.67902128
   -0.60192692
   -0.60192692
   -0.52086843
   -0.52086843
   -0.43764271
   -0.43764271
   -0.35505397
   -0.35505397
   -0.27823792
   -0.27823792
   -0.21785242
   -0.21785242
   -0.19324738
    0.19324738
    0.21785242
    0.21785242
    0.27823792
    0.27823792
    0.35505397
    0.35505397
    0.43764271
    0.43764271
    0.52086843
    0.52086843
    0.60192692
    0.60192692
    0.67902128
    0.67902128
    0.75084653
    0.75084653
    0.81637683
    0.81637683
    0.87477140
    0.87477140
    0.92533081
    0.92533081
    0.96747604
    0.96747604
    1.00073858
    1.00073858
    1.02475591
    1.02475591
    1.03926962
    1.03926962
    1.04412474

Eigenvalues:
   -0.97236371
   -0.96758531
   -0.96758531
   -0.95330546
   -0.95330546
   -0.92969030
   -0.92969030
   -0.89701733
   -0.89701733
   -0.85567687
   -0.85567687
   -0.80617546
   -0.80617546
   -0.74914345
   -0.74914345
   -0.68535066
   -0.68535066
   -0.61573871
   -0.61573871
   -0.54148851
   -0.54148851
   -0.46416618
   -0.46416618
   -0.38605561
   -0.38605561
   -0.31095783
   -0.31095783
   -0.24609091
   -0.24609091
   -0.20522222
   -0.20522222
    0.20522222
    0.20522222
    0.24609091
    0.24609091
    0.31095783
    0.31095783
    0.38605561
    0.38605561
    0.46416618
    0.46416618
    0.54148851
    0.54148851
    0.61573871
    0.61573871
    0.68535066
    0.68535066
    0.74914345
    0.74914345
    0.80617546
    0.80617546
    0.85567687
    0.85567687
    0.89701733
    0.89701733
    0.92969030
    0.92969030
    0.95330546
    0.95330546
    0.96758531
    0.96758531
    0.97236371

      time(fs)   electronic_energy1(eV)   electronic_energy2(eV)   nuclear_energy1(eV)   nuclear_energy2(eV)      current1(e/fs)      current2(e/fs)
      0.010000             -44.43542174             -40.39938667            2.49232999            1.50018962      1.08129015e-06      1.07139259e-06
      0.020000             -44.43542174             -40.39938667            2.49232999            1.50018962      8.64497695e-06      8.56586428e-06
      0.030000             -44.43542173             -40.39938667            2.49232999            1.50018963      2.91467969e-05      2.88801691e-05
      0.040000             -44.43542169             -40.39938663            2.49232999            1.50018965      6.89893148e-05      6.83585538e-05
      0.050000             -44.43542157             -40.39938652            2.49232999            1.50018966      1.34495627e-04      1.33266788e-04
      0.060000             -44.43542125             -40.39938620            2.49232999            1.50018968      2.31883381e-04      2.29766506e-04
      0.070000             -44.43542050             -40.39938549            2.49232999            1.50018971      3.67239209e-04      3.63889955e-04
      0.080000             -44.43541901             -40.39938405            2.49232999            1.50018974      5.46493687e-04      5.41515269e-04
      0.090000             -44.43541625             -40.39938139            2.49232999            1.50018977      7.75396904e-04      7.68342333e-04
      0.100000             -44.43541148             -40.39937681            2.49232999            1.50018981      1.05949475e-03      1.04986937e-03
      0.110000             -44.43540372             -40.39936934            2.49232999            1.50018985      1.40410603e-03      1.39137032e-03
      0.120000             -44.43539165             -40.39935772            2.49232999            1.50018989      1.81430040e-03      1.79787308e-03
      0.130000             -44.43537358             -40.39934034            2.49232999            1.50018994      2.29487742e-03      2.27413877e-03
      0.140000             -44.43534742             -40.39931517            2.49232999            1.50018999      2.85034655e-03      2.82464200e-03
      0.150000             -44.43531061             -40.39927974            2.49232999            1.50019005      3.48490835e-03      3.45355228e-03
      0.160000             -44.43526006             -40.39923111            2.49232999            1.50019011      4.20243690e-03      4.16471666e-03
      0.170000             -44.43519217             -40.39916578            2.49232999            1.50019017      5.00646347e-03      4.96164360e-03
      0.180000             -44.43510273             -40.39907972            2.49232999            1.50019024      5.90016161e-03      5.84748821e-03
      0.190000             -44.43498694             -40.39896830            2.49232999            1.50019031      6.88633356e-03      6.82503883e-03
      0.200000             -44.43483937             -40.39882631            2.49232999            1.50019039      7.96739824e-03      7.89670514e-03
      0.210000             -44.43465396             -40.39864790            2.49232999            1.50019047      9.14538063e-03      9.06450769e-03
      0.220000             -44.43442401             -40.39842664            2.49232999            1.50019055      1.04219028e-02      1.03300690e-02
      0.230000             -44.43414221             -40.39815548            2.49232999            1.50019064      1.17981764e-02      1.16946061e-02
      0.240000             -44.43380066             -40.39782683            2.49232999            1.50019073      1.32749971e-02      1.31589250e-02
      0.250000             -44.43339086             -40.39743251            2.49232999            1.50019082      1.48527401e-02      1.47234165e-02
      0.260000             -44.43290382             -40.39696387            2.49232999            1.50019092      1.65313581e-02      1.63880536e-02
      0.270000             -44.43233009             -40.39641182            2.49232999            1.50019103      1.83103798e-02      1.81523907e-02
      0.280000             -44.43165980             -40.39576686            2.49232999            1.50019113      2.01889117e-02      2.00155645e-02
      0.290000             -44.43088279             -40.39501921            2.49232999            1.50019124      2.21656397e-02      2.19762965e-02
      0.300000             -44.42998865             -40.39415886            2.49232999            1.50019136      2.42388340e-02      2.40328973e-02
      0.310000             -44.42896684             -40.39317567            2.49232999            1.50019148      2.64063548e-02      2.61832719e-02
      0.320000             -44.42780679             -40.39205947            2.49232999            1.50019160      2.86656597e-02      2.84249276e-02
      0.330000             -44.42649802             -40.39080018            2.49232999            1.50019172      3.10138128e-02      3.07549829e-02
      0.340000             -44.42503025             -40.38938791            2.49232999            1.50019185      3.34474958e-02      3.31701778e-02
      0.350000             -44.42339353             -40.38781307            2.49232999            1.50019199      3.59630199e-02      3.56668861e-02
      0.360000             -44.42157833             -40.38606653            2.49232999            1.50019212      3.85563394e-02      3.82411290e-02
      0.370000             -44.41957574             -40.38413969            2.49232999            1.50019227      4.12230676e-02      4.08885900e-02
      0.380000             -44.41737751             -40.38202463            2.49232999            1.50019241      4.39584926e-02      4.36046311e-02
      0.390000             -44.41497624             -40.37971422            2.49232999            1.50019256      4.67575955e-02      4.63843107e-02
      0.400000             -44.41236547             -40.37720226            2.49232999            1.50019271      4.96150699e-02      4.92224026e-02
      0.410000             -44.40953979             -40.37448354            2.49232999            1.50019287      5.25253415e-02      5.21134154e-02
      0.420000             -44.40649496             -40.37155400            2.49232999            1.50019303      5.54825902e-02      5.50516146e-02
      0.430000             -44.40322800             -40.36841076            2.49232999            1.50019320      5.84807722e-02      5.80310440e-02
      0.440000             -44.39973729             -40.36505228            2.49232999            1.50019337      6.15136433e-02      6.10455489e-02
      0.450000             -44.39602262             -40.36147835            2.49232999            1.50019354      6.45747833e-02      6.40888004e-02
      0.460000             -44.39208528             -40.35769024            2.49232999            1.50019371      6.76576208e-02      6.71543192e-02
      0.470000             -44.38792810             -40.35369065            2.49232999            1.50019390      7.07554587e-02      7.02355017e-02
      0.480000             -44.38355546             -40.34948383            2.49232999            1.50019408      7.38615002e-02      7.33256449e-02
      0.490000             -44.37897336             -40.34507554            2.49232999            1.50019427      7.69688756e-02      7.64179732e-02
      0.500000             -44.37418936             -40.34047306            2.49232999            1.50019446      8.00706686e-02      7.95056644e-02
      0.510000             -44.36921261             -40.33568521            2.49232999            1.50019466      8.31599437e-02      8.25818765e-02
      0.520000             -44.36405378             -40.33072227            2.49232999            1.50019485      8.62297731e-02      8.56397746e-02
      0.530000             -44.35872504             -40.32559595            2.49232999            1.50019506      8.92732637e-02      8.86725571e-02
      0.540000             -44.35324000             -40.32031933            2.49232999            1.50019527      9.22835840e-02      9.16734827e-02
      0.550000             -44.34761357             -40.31490680            2.49232999            1.50019548      9.52539910e-02      9.46358967e-02
      0.560000             -44.34186193             -40.30937392            2.49232999            1.50019569      9.81778562e-02      9.75532568e-02
      0.570000             -44.33600239             -40.30373734            2.49232999            1.50019591      1.01048692e-01      1.00419158e-01
      0.580000             -44.33005324             -40.29801468            2.49232999            1.50019613      1.03860175e-01      1.03227360e-01
      0.590000             -44.32403366             -40.29222438            2.49232999            1.50019636      1.06606175e-01      1.05971808e-01
      0.600000             -44.31796353             -40.28638559            2.49232999            1.50019659      1.09280774e-01      1.08646658e-01
      0.610000             -44.31186330             -40.28051798            2.49232999            1.50019682      1.11878291e-01      1.11246300e-01
      0.620000             -44.30575380             -40.27464161            2.49232999            1.50019706      1.14393306e-01      1.13765380e-01
      0.630000             -44.29965610             -40.26877674            2.49232999            1.50019730      1.16820679e-01      1.16198818e-01
      0.640000             -44.29359132             -40.26294369            2.49232999            1.50019755      1.19155568e-01      1.18541830e-01
      0.650000             -44.28758044             -40.25716267            2.49232999            1.50019780      1.21393453e-01      1.20789947e-01
      0.660000             -44.28164416             -40.25145358            2.49232999            1.50019805      1.23530148e-01      1.22939030e-01
      0.670000             -44.27580270             -40.24583588            2.49232999            1.50019831      1.25561822e-01      1.24985288e-01
      0.680000             -44.27007565             -40.24032841            2.49232999            1.50019857      1.27485008e-01      1.26925290e-01
      0.690000             -44.26448178             -40.23494924            2.49232999            1.50019883      1.29296621e-01      1.28755981e-01
      0.700000             -44.25903892             -40.22971552            2.49232999            1.50019910      1.30993969e-01      1.30474691e-01
      0.710000             -44.25376379             -40.22464335            2.49232999            1.50019937      1.32574762e-01      1.32079147e-01
      0.720000             -44.24867190             -40.21974761            2.49232999            1.50019965      1.34037120e-01      1.33567480e-01
      0.730000             -44.24377736             -40.21504192            2.49232999            1.50019993      1.35379583e-01      1.34938233e-01
      0.740000             -44.23909285             -40.21053846            2.49232999            1.50020021      1.36601112e-01      1.36190365e-01
      0.750000             -44.23462948             -40.20624791            2.49232999            1.50020050      1.37701097e-01      1.37323258e-01
      0.760000             -44.23039673             -40.20217938            2.49232999            1.50020079      1.38679359e-01      1.38336716e-01
      0.770000             -44.22640235             -40.19834036            2.49232999            1.50020108      1.39536145e-01      1.39230963e-01
      0.780000             -44.22265238             -40.19473663            2.49232999            1.50020138      1.40272135e-01      1.40006651e-01
      0.790000             -44.21915108             -40.19137229            2.49232999            1.50020168      1.40888432e-01      1.40664846e-01
      0.800000             -44.21590089             -40.18824970            2.49232999            1.50020199      1.41386562e-01      1.41207031e-01
      0.810000             -44.21290249             -40.18536951            2.49232999            1.50020230      1.41768464e-01      1.41635099e-01
      0.820000             -44.21015479             -40.18273066            2.49232999            1.50020261      1.42036487e-01      1.41951341e-01
      0.830000             -44.20765496             -40.18033044            2.49232999            1.50020293      1.42193378e-01      1.42158444e-01
      0.840000             -44.20539848             -40.17816451            2.49232999            1.50020325      1.42242269e-01      1.42259474e-01
      0.850000             -44.20337921             -40.17622697            2.49232999            1.50020357      1.42186671e-01      1.42257865e-01
      0.860000             -44.20158947             -40.17451042            2.49232999            1.50020390      1.42030452e-01      1.42157410e-01
      0.870000             -44.20002010             -40.17300606            2.49232999            1.50020423      1.41777829e-01      1.41962241e-01
      0.880000             -44.19866057             -40.17170377            2.49233000            1.50020456      1.41433348e-01      1.41676815e-01
      0.890000             -44.19749910             -40.17059224            2.49233000            1.50020490      1.41001866e-01      1.41305894e-01
      0.900000             -44.19652273             -40.16965900            2.49233000            1.50020524      1.40488533e-01      1.40854532e-01
      0.910000             -44.19571747             -40.16889061            2.49233000            1.50020558      1.39898773e-01      1.40328049e-01
      0.920000             -44.19506841             -40.16827273            2.49233000            1.50020593      1.39238259e-01      1.39732013e-01
      0.930000             -44.19455983             -40.16779027            2.49233000            1.50020628      1.38512897e-01      1.39072218e-01
      0.940000             -44.19417531             -40.16742747            2.49233000            1.50020663      1.37728794e-01      1.38354662e-01
      0.950000             -44.19389791             -40.16716801            2.49233000            1.50020699      1.36892245e-01      1.37585520e-01
      0.960000             -44.19371019             -40.16699519            2.49233000            1.50020735      1.36009698e-01      1.36771126e-01
      0.970000             -44.19359444             -40.16689195            2.49233000            1.50020772      1.35087735e-01      1.35917941e-01
      0.980000             -44.19353267             -40.16684105            2.49233000            1.50020809      1.34133047e-01      1.35032535e-01
      0.990000             -44.19350681             -40.16682512            2.49233000            1.50020846      1.33152403e-01      1.34121553e-01
      1.000000             -44.19349876             -40.16682678            2.49233000            1.50020883      1.32152626e-01      1.33191696e-01
      1.010000             -44.19349346             -40.16683158            2.49233000            1.50020921      1.31139494e-01      1.32248629e-01
      1.020000             -44.19348791             -40.16683664            2.49233000            1.50020959      1.30114494e-01      1.31293766e-01
      1.030000             -44.19348209             -40.16684198            2.49233000            1.50020998      1.29078043e-01      1.30327461e-01
      1.040000             -44.19347601             -40.16684759            2.49233000            1.50021036      1.28030558e-01      1.29350070e-01
      1.050000             -44.19346966             -40.16685348            2.49233000            1.50021075      1.26972461e-01      1.28361950e-01
      1.060000             -44.19346304             -40.16685966            2.49233000            1.50021115      1.25904174e-01      1.27363463e-01
      1.070000             -44.19345613             -40.16686614            2.49233000            1.50021155      1.24826121e-01      1.26354970e-01
      1.080000             -44.19344893             -40.16687291            2.49233000            1.50021195      1.23738727e-01      1.25336835e-01
      1.090000             -44.19344144             -40.16687998            2.49233000            1.50021235      1.22642418e-01      1.24309422e-01
      1.100000             -44.19343365             -40.16688737            2.49233000            1.50021276      1.21537620e-01      1.23273099e-01
      1.110000             -44.19342556             -40.16689506            2.49233000            1.50021317      1.20424762e-01      1.22228231e-01
      1.120000             -44.19341717             -40.16690308            2.49233000            1.50021358      1.19304271e-01      1.21175188e-01
      1.130000             -44.19340846             -40.16691141            2.49233000            1.50021400      1.18176574e-01      1.20114336e-01
      1.140000             -44.19339945             -40.16692007            2.49233000            1.50021442      1.17042099e-01      1.19046045e-01
      1.150000             -44.19339011             -40.16692906            2.49233000            1.50021484      1.15901270e-01      1.17970684e-01
      1.160000             -44.19338045             -40.16693838            2.49233000            1.50021527      1.14754515e-01      1.16888620e-01
      1.170000             -44.19337047             -40.16694803            2.49233000            1.50021569      1.13602257e-01      1.15800222e-01
      1.180000             -44.19336016             -40.16695802            2.49233001            1.50021613      1.12444919e-01      1.14705858e-01
      1.190000             -44.19334952             -40.16696836            2.49233001            1.50021656      1.11282921e-01      1.13605893e-01
      1.200000             -44.19333856             -40.16697903            2.49233001            1.50021700      1.10116684e-01      1.12500695e-01
      1.210000             -44.19332725             -40.16699005            2.49233001            1.50021744      1.08946623e-01      1.11390627e-01
      1.220000             -44.19331562             -40.16700141            2.49233001            1.50021788      1.07773153e-01      1.10276053e-01
      1.230000             -44.19330364             -40.16701312            2.49233001            1.50021833      1.06596686e-01      1.09157334e-01
      1.240000             -44.19329133             -40.16702518            2.49233001            1.50021878      1.05417630e-01      1.08034829e-01
      1.250000             -44.19327869             -40.16703759            2.49233001            1.50021923      1.04236390e-01      1.06908897e-01
      1.260000             -44.19326570             -40.16705035            2.49233001            1.50021969      1.03053368e-01      1.05779892e-01
      1.270000             -44.19325238             -40.16706345            2.49233001            1.50022014      1.01868962e-01      1.04648168e-01
      1.280000             -44.19323871             -40.16707690            2.49233001            1.50022060      1.00683565e-01      1.03514074e-01
      1.290000             -44.19322471             -40.16709071            2.49233001            1.50022107      9.94975683e-02      1.02377959e-01
      1.300000             -44.19321038             -40.16710485            2.49233001            1.50022154      9.83113562e-02      1.01240167e-01
      1.310000             -44.19319570             -40.16711935            2.49233002            1.50022200      9.71253097e-02      1.00101039e-01
      1.320000             -44.19318070             -40.16713419            2.49233002            1.50022248      9.59398042e-02      9.89609131e-02
      1.330000             -44.19316536             -40.16714937            2.49233002            1.50022295      9.47552105e-02      9.78201233e-02
      1.340000             -44.19314969             -40.16716489            2.49233002            1.50022343      9.35718939e-02      9.66790005e-02
      1.350000             -44.19313370             -40.16718074            2.49233002            1.50022391      9.23902139e-02      9.55378712e-02
      1.360000             -44.19311738             -40.16719693            2.49233002            1.50022439      9.12105246e-02      9.43970582e-02
      1.370000             -44.19310074             -40.16721346            2.49233002            1.50022488      9.00331741e-02      9.32568798e-02
      1.380000             -44.19308378             -40.16723031            2.49233002            1.50022537      8.88585042e-02      9.21176498e-02
      1.390000             -44.19306650             -40.16724748            2.49233003            1.50022586      8.76868507e-02      9.09796778e-02
      1.400000             -44.19304892             -40.16726497            2.49233003            1.50022635      8.65185425e-02      8.98432683e-02
      1.410000             -44.19303103             -40.16728278            2.49233003            1.50022685      8.53539023e-02      8.87087210e-02
      1.420000             -44.19301284             -40.16730090            2.49233003            1.50022735      8.41932455e-02      8.75763307e-02
      1.430000             -44.19299436             -40.16731932            2.49233003            1.50022785      8.30368808e-02      8.64463870e-02
      1.440000             -44.19297558             -40.16733805            2.49233003            1.50022835      8.18851098e-02      8.53191741e-02
      1.450000             -44.19295652             -40.16735706            2.49233003            1.50022886      8.07382265e-02      8.41949709e-02
      1.460000             -44.19293718             -40.16737637            2.49233004            1.50022937      7.95965177e-02      8.30740505e-02
      1.470000             -44.19291756             -40.16739596            2.49233004            1.50022988      7.84602626e-02      8.19566806e-02
      1.480000             -44.19289768             -40.16741582            2.49233004            1.50023040      7.73297326e-02      8.08431227e-02
      1.490000             -44.19287754             -40.16743595            2.49233004            1.50023091      7.62051912e-02      7.97336328e-02
      1.500000             -44.19285714             -40.16745634            2.49233004            1.50023143      7.50868942e-02      7.86284606e-02
      1.510000             -44.19283650             -40.16747699            2.49233005            1.50023196      7.39750890e-02      7.75278496e-02
      1.520000             -44.19281562             -40.16749788            2.49233005            1.50023248      7.28700151e-02      7.64320373e-02
      1.530000             -44.19279451             -40.16751902            2.49233005            1.50023301      7.17719036e-02      7.53412545e-02
      1.540000             -44.19277317             -40.16754038            2.49233005            1.50023354      7.06809773e-02      7.42557258e-02
      1.550000             -44.19275162             -40.16756197            2.49233005            1.50023407      6.95974505e-02      7.31756693e-02
      1.560000             -44.19272986             -40.16758377            2.49233006            1.50023460      6.85215289e-02      7.21012964e-02
      1.570000             -44.19270791             -40.16760578            2.49233006            1.50023514      6.74534098e-02      7.10328117e-02
      1.580000             -44.19268576             -40.16762799            2.49233006            1.50023568      6.63932818e-02      6.99704133e-02
      1.590000             -44.19266343             -40.16765038            2.49233006            1.50023622      6.53413246e-02      6.89142923e-02
      1.600000             -44.19264093             -40.16767295            2.49233007            1.50023676      6.42977094e-02      6.78646330e-02
      1.610000             -44.19261827             -40.16769569            2.49233007            1.50023731      6.32625985e-02      6.68216127e-02
      1.620000             -44.19259545             -40.16771860            2.49233007            1.50023786      6.22361452e-02      6.57854018e-02
      1.630000             -44.19257249             -40.16774165            2.49233008            1.50023841      6.12184943e-02      6.47561635e-02
      1.640000             -44.19254940             -40.16776484            2.49233008            1.50023896      6.02097814e-02      6.37340540e-02
      1.650000             -44.19252618             -40.16778817            2.49233008            1.50023952      5.92101333e-02      6.27192227e-02
      1.660000             -44.19250284             -40.16781162            2.49233009            1.50024007      5.82196679e-02      6.17118113e-02
      1.670000             -44.19247940             -40.16783518            2.49233009            1.50024063      5.72384942e-02      6.07119548e-02
      1.680000             -44.19245587             -40.16785884            2.49233009            1.50024120      5.62667124e-02      5.97197808e-02
      1.690000             -44.19243225             -40.16788259            2.49233010            1.50024176      5.53044137e-02      5.87354099e-02
      1.700000             -44.19240855             -40.16790642            2.49233010            1.50024233      5.43516805e-02      5.77589552e-02
      1.710000             -44.19238479             -40.16793032            2.49233010            1.50024290      5.34085864e-02      5.67905229e-02
      1.720000             -44.19236098             -40.16795428            2.49233011            1.50024347      5.24751960e-02      5.58302119e-02
      1.730000             -44.19233712             -40.16797829            2.49233011            1.50024404      5.15515654e-02      5.48781139e-02
      1.740000             -44.19231323             -40.16800234            2.49233011            1.50024462      5.06377420e-02      5.39343133e-02
      1.750000             -44.19228931             -40.16802642            2.49233012            1.50024520      4.97337644e-02      5.29988877e-02
      1.760000             -44.19226538             -40.16805052            2.49233012            1.50024578      4.88396627e-02      5.20719071e-02
      1.770000             -44.19224144             -40.16807463            2.49233013            1.50024636      4.79554585e-02      5.11534348e-02
      1.780000             -44.19221751             -40.16809874            2.49233013            1.50024694      4.70811649e-02      5.02435269e-02
      1.790000             -44.19219360             -40.16812283            2.49233014            1.50024753      4.62167868e-02      4.93422324e-02
      1.800000             -44.19216972             -40.16814690            2.49233014            1.50024812      4.53623205e-02      4.84495933e-02
      1.810000             -44.19214587             -40.16817094            2.49233015            1.50024871      4.45177545e-02      4.75656448e-02
      1.820000             -44.19212207             -40.16819493            2.49233015            1.50024930      4.36830691e-02      4.66904152e-02
      1.830000             -44.19209833             -40.16821887            2.49233016            1.50024990      4.28582365e-02      4.58239258e-02
      1.840000             -44.19207465             -40.16824275            2.49233016            1.50025050      4.20432211e-02      4.49661914e-02
      1.850000             -44.19205105             -40.16826656            2.49233017            1.50025109      4.12379798e-02      4.41172199e-02
      1.860000             -44.19202753             -40.16829029            2.49233017            1.50025170      4.04424615e-02      4.32770126e-02
      1.870000             -44.19200411             -40.16831392            2.49233018            1.50025230      3.96566079e-02      4.24455644e-02
      1.880000             -44.19198080             -40.16833746            2.49233018            1.50025291      3.88803532e-02      4.16228636e-02
      1.890000             -44.19195760             -40.16836088            2.49233019            1.50025351      3.81136245e-02      4.08088923e-02
      1.900000             -44.19193452             -40.16838418            2.49233019            1.50025412      3.73563418e-02      4.00036260e-02
      1.910000             -44.19191157             -40.16840736            2.49233020            1.50025474      3.66084180e-02      3.92070343e-02
      1.920000             -44.19188876             -40.16843040            2.49233021            1.50025535      3.58697595e-02      3.84190805e-02
      1.930000             -44.19186610             -40.16845329            2.49233021            1.50025597      3.51402659e-02      3.76397222e-02
      1.940000             -44.19184360             -40.16847603            2.49233022            1.50025658      3.44198305e-02      3.68689108e-02
      1.950000             -44.19182126             -40.16849861            2.49233023            1.50025720      3.37083402e-02      3.61065921e-02
      1.960000             -44.19179910             -40.16852102            2.49233023            1.50025783      3.30056758e-02      3.53527061e-02
      1.970000             -44.19177712             -40.16854325            2.49233024            1.50025845      3.23117124e-02      3.46071874e-02
      1.980000             -44.19175532             -40.16856529            2.49233025            1.50025908      3.16263190e-02      3.38699652e-02
      1.990000             -44.19173372             -40.16858714            2.49233025            1.50025971      3.09493592e-02      3.31409631e-02
      2.000000             -44.19171232             -40.16860880            2.49233026            1.50026034      3.02806912e-02      3.24201000e-02
